0 info it worked if it ends with ok
1 verbose cli [ '/usr/local/bin/node', '/usr/local/bin/npm', 'install', '-d' ]
2 info using npm@3.7.3
3 info using node@v5.9.0
4 silly loadCurrentTree Starting
5 silly install loadCurrentTree
6 silly install readLocalPackageData
7 silly install normalizeTree
8 silly loadCurrentTree Finishing
9 silly loadIdealTree Starting
10 silly install loadIdealTree
11 silly cloneCurrentTree Starting
12 silly install cloneCurrentTreeToIdealTree
13 silly cloneCurrentTree Finishing
14 silly loadShrinkwrap Starting
15 silly install loadShrinkwrap
16 silly loadShrinkwrap Finishing
17 silly loadAllDepsIntoIdealTree Starting
18 silly install loadAllDepsIntoIdealTree
19 silly fetchNamedPackageData pomelo
20 silly mapToRegistry name pomelo
21 silly mapToRegistry using default registry
22 silly mapToRegistry registry https://registry.npmjs.org/
23 silly mapToRegistry uri https://registry.npmjs.org/pomelo
24 verbose request uri https://registry.npmjs.org/pomelo
25 verbose request no auth needed
26 info attempt registry request try #1 at 5:49:42 PM
27 verbose request id 800935f07193baba
28 verbose etag "B51WRFHQLL3M4Z5IS39DIJVT7"
29 http request GET https://registry.npmjs.org/pomelo
30 http 304 https://registry.npmjs.org/pomelo
31 verbose headers { date: 'Fri, 21 Oct 2016 09:49:47 GMT',
31 verbose headers   via: '1.1 varnish',
31 verbose headers   'cache-control': 'max-age=300',
31 verbose headers   etag: '"B51WRFHQLL3M4Z5IS39DIJVT7"',
31 verbose headers   age: '123',
31 verbose headers   connection: 'keep-alive',
31 verbose headers   'x-served-by': 'cache-lcy1125-LCY',
31 verbose headers   'x-cache': 'HIT',
31 verbose headers   'x-cache-hits': '13',
31 verbose headers   'x-timer': 'S1477043387.435783,VS0,VE0',
31 verbose headers   vary: 'Accept-Encoding' }
32 silly get cb [ 304,
32 silly get   { date: 'Fri, 21 Oct 2016 09:49:47 GMT',
32 silly get     via: '1.1 varnish',
32 silly get     'cache-control': 'max-age=300',
32 silly get     etag: '"B51WRFHQLL3M4Z5IS39DIJVT7"',
32 silly get     age: '123',
32 silly get     connection: 'keep-alive',
32 silly get     'x-served-by': 'cache-lcy1125-LCY',
32 silly get     'x-cache': 'HIT',
32 silly get     'x-cache-hits': '13',
32 silly get     'x-timer': 'S1477043387.435783,VS0,VE0',
32 silly get     vary: 'Accept-Encoding' } ]
33 verbose etag https://registry.npmjs.org/pomelo from cache
34 verbose get saving pomelo to /Users/champion_yuan/.npm/registry.npmjs.org/pomelo/.cache.json
35 verbose correctMkdir /Users/champion_yuan/.npm correctMkdir not in flight; initializing
36 silly resolveWithNewModule pomelo@1.0.4 checking installable status
37 silly cache add args [ 'pomelo@~1.0.0', null ]
38 verbose cache add spec pomelo@~1.0.0
39 silly cache add parsed spec Result {
39 silly cache add   raw: 'pomelo@~1.0.0',
39 silly cache add   scope: null,
39 silly cache add   name: 'pomelo',
39 silly cache add   rawSpec: '~1.0.0',
39 silly cache add   spec: '>=1.0.0 <1.1.0',
39 silly cache add   type: 'range' }
40 silly addNamed pomelo@>=1.0.0 <1.1.0
41 verbose addNamed ">=1.0.0 <1.1.0" is a valid semver range for pomelo
42 silly addNameRange { name: 'pomelo', range: '>=1.0.0 <1.1.0', hasData: false }
43 silly mapToRegistry name pomelo
44 silly mapToRegistry using default registry
45 silly mapToRegistry registry https://registry.npmjs.org/
46 silly mapToRegistry uri https://registry.npmjs.org/pomelo
47 verbose addNameRange registry:https://registry.npmjs.org/pomelo not in flight; fetching
48 verbose get https://registry.npmjs.org/pomelo not expired, no request
49 silly addNameRange number 2 { name: 'pomelo', range: '>=1.0.0 <1.1.0', hasData: true }
50 silly addNameRange versions [ 'pomelo',
50 silly addNameRange   [ '0.0.0',
50 silly addNameRange     '0.0.1',
50 silly addNameRange     '0.0.2',
50 silly addNameRange     '0.1.119',
50 silly addNameRange     '0.2.0',
50 silly addNameRange     '0.2.1',
50 silly addNameRange     '0.2.2',
50 silly addNameRange     '0.2.3',
50 silly addNameRange     '0.2.4',
50 silly addNameRange     '0.2.5',
50 silly addNameRange     '0.3.1',
50 silly addNameRange     '0.3.2',
50 silly addNameRange     '0.3.3',
50 silly addNameRange     '0.3.4',
50 silly addNameRange     '0.3.5',
50 silly addNameRange     '0.3.6',
50 silly addNameRange     '0.3.7',
50 silly addNameRange     '0.3.8',
50 silly addNameRange     '0.3.9',
50 silly addNameRange     '0.3.10',
50 silly addNameRange     '0.4.0',
50 silly addNameRange     '0.4.1',
50 silly addNameRange     '0.4.2',
50 silly addNameRange     '0.4.3',
50 silly addNameRange     '0.4.4',
50 silly addNameRange     '0.4.5',
50 silly addNameRange     '0.4.6',
50 silly addNameRange     '0.5.0',
50 silly addNameRange     '0.5.1',
50 silly addNameRange     '0.5.2',
50 silly addNameRange     '0.4.7',
50 silly addNameRange     '0.5.3',
50 silly addNameRange     '0.5.4',
50 silly addNameRange     '0.5.5',
50 silly addNameRange     '0.6.0',
50 silly addNameRange     '0.6.1',
50 silly addNameRange     '0.6.2',
50 silly addNameRange     '0.6.3',
50 silly addNameRange     '0.6.4',
50 silly addNameRange     '0.6.5',
50 silly addNameRange     '0.6.6',
50 silly addNameRange     '0.6.7',
50 silly addNameRange     '0.6.8',
50 silly addNameRange     '0.7.0',
50 silly addNameRange     '0.7.1',
50 silly addNameRange     '0.7.2',
50 silly addNameRange     '0.6.9',
50 silly addNameRange     '0.7.3',
50 silly addNameRange     '0.6.10',
50 silly addNameRange     '0.7.4',
50 silly addNameRange     '0.7.5',
50 silly addNameRange     '0.6.11',
50 silly addNameRange     '0.7.6',
50 silly addNameRange     '0.7.7',
50 silly addNameRange     '0.8.0',
50 silly addNameRange     '0.8.1',
50 silly addNameRange     '0.6.12',
50 silly addNameRange     '0.6.13',
50 silly addNameRange     '0.8.4',
50 silly addNameRange     '0.8.6',
50 silly addNameRange     '0.8.7',
50 silly addNameRange     '0.6.14',
50 silly addNameRange     '0.8.8',
50 silly addNameRange     '0.8.9',
50 silly addNameRange     '0.9.0',
50 silly addNameRange     '0.6.15',
50 silly addNameRange     '0.9.1',
50 silly addNameRange     '0.9.2',
50 silly addNameRange     '0.9.3',
50 silly addNameRange     '0.9.4',
50 silly addNameRange     '0.9.5',
50 silly addNameRange     '0.6.16',
50 silly addNameRange     '0.9.6',
50 silly addNameRange     '0.9.7',
50 silly addNameRange     '0.6.17',
50 silly addNameRange     '0.9.8',
50 silly addNameRange     '0.6.18',
50 silly addNameRange     '0.9.9',
50 silly addNameRange     '0.9.10',
50 silly addNameRange     '1.0.0-pre',
50 silly addNameRange     '1.0.0',
50 silly addNameRange     '1.0.1',
50 silly addNameRange     '1.0.2',
50 silly addNameRange     '0.6.19',
50 silly addNameRange     '1.0.3',
50 silly addNameRange     '1.0.4',
50 silly addNameRange     '0.6.20',
50 silly addNameRange     '1.1.0',
50 silly addNameRange     '1.1.1',
50 silly addNameRange     '1.1.2',
50 silly addNameRange     '0.6.21',
50 silly addNameRange     '1.1.3',
50 silly addNameRange     '1.1.4',
50 silly addNameRange     '1.1.5',
50 silly addNameRange     '1.1.6',
50 silly addNameRange     '1.1.7',
50 silly addNameRange     '1.1.8',
50 silly addNameRange     '1.1.9',
50 silly addNameRange     '1.2.0',
50 silly addNameRange     '1.2.1',
50 silly addNameRange     '2.0.0-pre',
50 silly addNameRange     '1.2.2',
50 silly addNameRange     '2.0.0',
50 silly addNameRange     '1.2.3' ] ]
51 silly addNamed pomelo@1.0.4
52 verbose addNamed "1.0.4" is a plain semver version for pomelo
53 silly cache afterAdd pomelo@1.0.4
54 verbose afterAdd /Users/champion_yuan/.npm/pomelo/1.0.4/package/package.json not in flight; writing
55 verbose correctMkdir /Users/champion_yuan/.npm correctMkdir not in flight; initializing
56 verbose afterAdd /Users/champion_yuan/.npm/pomelo/1.0.4/package/package.json written
57 silly fetchNamedPackageData pomelo-admin
58 silly mapToRegistry name pomelo-admin
59 silly mapToRegistry using default registry
60 silly mapToRegistry registry https://registry.npmjs.org/
61 silly mapToRegistry uri https://registry.npmjs.org/pomelo-admin
62 verbose request uri https://registry.npmjs.org/pomelo-admin
63 verbose request no auth needed
64 info attempt registry request try #1 at 5:49:44 PM
65 verbose etag "9FQKP85AKMSBCIFYOPB3Z5OPW"
66 http request GET https://registry.npmjs.org/pomelo-admin
67 http 304 https://registry.npmjs.org/pomelo-admin
68 verbose headers { date: 'Fri, 21 Oct 2016 09:49:48 GMT',
68 verbose headers   via: '1.1 varnish',
68 verbose headers   'cache-control': 'max-age=300',
68 verbose headers   etag: '"9FQKP85AKMSBCIFYOPB3Z5OPW"',
68 verbose headers   age: '30',
68 verbose headers   connection: 'keep-alive',
68 verbose headers   'x-served-by': 'cache-lcy1124-LCY',
68 verbose headers   'x-cache': 'HIT',
68 verbose headers   'x-cache-hits': '9',
68 verbose headers   'x-timer': 'S1477043388.190392,VS0,VE0',
68 verbose headers   vary: 'Accept-Encoding' }
69 silly get cb [ 304,
69 silly get   { date: 'Fri, 21 Oct 2016 09:49:48 GMT',
69 silly get     via: '1.1 varnish',
69 silly get     'cache-control': 'max-age=300',
69 silly get     etag: '"9FQKP85AKMSBCIFYOPB3Z5OPW"',
69 silly get     age: '30',
69 silly get     connection: 'keep-alive',
69 silly get     'x-served-by': 'cache-lcy1124-LCY',
69 silly get     'x-cache': 'HIT',
69 silly get     'x-cache-hits': '9',
69 silly get     'x-timer': 'S1477043388.190392,VS0,VE0',
69 silly get     vary: 'Accept-Encoding' } ]
70 verbose etag https://registry.npmjs.org/pomelo-admin from cache
71 verbose get saving pomelo-admin to /Users/champion_yuan/.npm/registry.npmjs.org/pomelo-admin/.cache.json
72 verbose correctMkdir /Users/champion_yuan/.npm correctMkdir not in flight; initializing
73 silly resolveWithNewModule pomelo-admin@0.4.1 checking installable status
74 silly cache add args [ 'pomelo-admin@0.4.1', null ]
75 verbose cache add spec pomelo-admin@0.4.1
76 silly cache add parsed spec Result {
76 silly cache add   raw: 'pomelo-admin@0.4.1',
76 silly cache add   scope: null,
76 silly cache add   name: 'pomelo-admin',
76 silly cache add   rawSpec: '0.4.1',
76 silly cache add   spec: '0.4.1',
76 silly cache add   type: 'version' }
77 silly addNamed pomelo-admin@0.4.1
78 verbose addNamed "0.4.1" is a plain semver version for pomelo-admin
79 silly mapToRegistry name pomelo-admin
80 silly mapToRegistry using default registry
81 silly mapToRegistry registry https://registry.npmjs.org/
82 silly mapToRegistry uri https://registry.npmjs.org/pomelo-admin
83 verbose addNameVersion registry:https://registry.npmjs.org/pomelo-admin not in flight; fetching
84 verbose get https://registry.npmjs.org/pomelo-admin not expired, no request
85 silly cache afterAdd pomelo-admin@0.4.1
86 verbose afterAdd /Users/champion_yuan/.npm/pomelo-admin/0.4.1/package/package.json not in flight; writing
87 verbose correctMkdir /Users/champion_yuan/.npm correctMkdir not in flight; initializing
88 verbose afterAdd /Users/champion_yuan/.npm/pomelo-admin/0.4.1/package/package.json written
89 silly fetchNamedPackageData pomelo-scheduler
90 silly mapToRegistry name pomelo-scheduler
91 silly mapToRegistry using default registry
92 silly mapToRegistry registry https://registry.npmjs.org/
93 silly mapToRegistry uri https://registry.npmjs.org/pomelo-scheduler
94 silly fetchNamedPackageData pomelo-logger
95 silly mapToRegistry name pomelo-logger
96 silly mapToRegistry using default registry
97 silly mapToRegistry registry https://registry.npmjs.org/
98 silly mapToRegistry uri https://registry.npmjs.org/pomelo-logger
99 silly fetchNamedPackageData heapdump
100 silly mapToRegistry name heapdump
101 silly mapToRegistry using default registry
102 silly mapToRegistry registry https://registry.npmjs.org/
103 silly mapToRegistry uri https://registry.npmjs.org/heapdump
104 verbose request uri https://registry.npmjs.org/pomelo-scheduler
105 verbose request no auth needed
106 info attempt registry request try #1 at 5:49:45 PM
107 verbose etag "EE72SFNY9PKI3A59RC7EP8ASY"
108 http request GET https://registry.npmjs.org/pomelo-scheduler
109 verbose request uri https://registry.npmjs.org/pomelo-logger
110 verbose request no auth needed
111 info attempt registry request try #1 at 5:49:45 PM
112 verbose etag "E71YFKTSZ9WLQQAFSLA7CYHKZ"
113 http request GET https://registry.npmjs.org/pomelo-logger
114 verbose request uri https://registry.npmjs.org/heapdump
115 verbose request no auth needed
116 info attempt registry request try #1 at 5:49:45 PM
117 verbose etag "7O4VPKB78N38NEQYIVNZIAJV1"
118 http request GET https://registry.npmjs.org/heapdump
119 http 304 https://registry.npmjs.org/pomelo-scheduler
120 verbose headers { date: 'Fri, 21 Oct 2016 09:49:48 GMT',
120 verbose headers   via: '1.1 varnish',
120 verbose headers   'cache-control': 'max-age=300',
120 verbose headers   etag: '"EE72SFNY9PKI3A59RC7EP8ASY"',
120 verbose headers   age: '51',
120 verbose headers   connection: 'keep-alive',
120 verbose headers   'x-served-by': 'cache-lcy1148-LCY',
120 verbose headers   'x-cache': 'HIT',
120 verbose headers   'x-cache-hits': '1',
120 verbose headers   'x-timer': 'S1477043388.821167,VS0,VE0',
120 verbose headers   vary: 'Accept-Encoding' }
121 silly get cb [ 304,
121 silly get   { date: 'Fri, 21 Oct 2016 09:49:48 GMT',
121 silly get     via: '1.1 varnish',
121 silly get     'cache-control': 'max-age=300',
121 silly get     etag: '"EE72SFNY9PKI3A59RC7EP8ASY"',
121 silly get     age: '51',
121 silly get     connection: 'keep-alive',
121 silly get     'x-served-by': 'cache-lcy1148-LCY',
121 silly get     'x-cache': 'HIT',
121 silly get     'x-cache-hits': '1',
121 silly get     'x-timer': 'S1477043388.821167,VS0,VE0',
121 silly get     vary: 'Accept-Encoding' } ]
122 verbose etag https://registry.npmjs.org/pomelo-scheduler from cache
123 verbose get saving pomelo-scheduler to /Users/champion_yuan/.npm/registry.npmjs.org/pomelo-scheduler/.cache.json
124 verbose correctMkdir /Users/champion_yuan/.npm correctMkdir not in flight; initializing
125 silly resolveWithNewModule pomelo-scheduler@0.3.8 checking installable status
126 silly cache add args [ 'pomelo-scheduler@0.3.8', null ]
127 verbose cache add spec pomelo-scheduler@0.3.8
128 silly cache add parsed spec Result {
128 silly cache add   raw: 'pomelo-scheduler@0.3.8',
128 silly cache add   scope: null,
128 silly cache add   name: 'pomelo-scheduler',
128 silly cache add   rawSpec: '0.3.8',
128 silly cache add   spec: '0.3.8',
128 silly cache add   type: 'version' }
129 silly addNamed pomelo-scheduler@0.3.8
130 verbose addNamed "0.3.8" is a plain semver version for pomelo-scheduler
131 silly mapToRegistry name pomelo-scheduler
132 silly mapToRegistry using default registry
133 silly mapToRegistry registry https://registry.npmjs.org/
134 silly mapToRegistry uri https://registry.npmjs.org/pomelo-scheduler
135 verbose addNameVersion registry:https://registry.npmjs.org/pomelo-scheduler not in flight; fetching
136 verbose get https://registry.npmjs.org/pomelo-scheduler not expired, no request
137 silly cache afterAdd pomelo-scheduler@0.3.8
138 verbose afterAdd /Users/champion_yuan/.npm/pomelo-scheduler/0.3.8/package/package.json not in flight; writing
139 verbose correctMkdir /Users/champion_yuan/.npm correctMkdir not in flight; initializing
140 http 304 https://registry.npmjs.org/heapdump
141 verbose headers { date: 'Fri, 21 Oct 2016 09:49:48 GMT',
141 verbose headers   via: '1.1 varnish',
141 verbose headers   'cache-control': 'max-age=300',
141 verbose headers   etag: '"7O4VPKB78N38NEQYIVNZIAJV1"',
141 verbose headers   age: '170',
141 verbose headers   connection: 'keep-alive',
141 verbose headers   'x-served-by': 'cache-lcy1144-LCY',
141 verbose headers   'x-cache': 'HIT',
141 verbose headers   'x-cache-hits': '59',
141 verbose headers   'x-timer': 'S1477043388.836245,VS0,VE0',
141 verbose headers   vary: 'Accept-Encoding' }
142 silly get cb [ 304,
142 silly get   { date: 'Fri, 21 Oct 2016 09:49:48 GMT',
142 silly get     via: '1.1 varnish',
142 silly get     'cache-control': 'max-age=300',
142 silly get     etag: '"7O4VPKB78N38NEQYIVNZIAJV1"',
142 silly get     age: '170',
142 silly get     connection: 'keep-alive',
142 silly get     'x-served-by': 'cache-lcy1144-LCY',
142 silly get     'x-cache': 'HIT',
142 silly get     'x-cache-hits': '59',
142 silly get     'x-timer': 'S1477043388.836245,VS0,VE0',
142 silly get     vary: 'Accept-Encoding' } ]
143 verbose etag https://registry.npmjs.org/heapdump from cache
144 verbose get saving heapdump to /Users/champion_yuan/.npm/registry.npmjs.org/heapdump/.cache.json
145 verbose correctMkdir /Users/champion_yuan/.npm correctMkdir not in flight; initializing
146 verbose afterAdd /Users/champion_yuan/.npm/pomelo-scheduler/0.3.8/package/package.json written
147 http 304 https://registry.npmjs.org/pomelo-logger
148 verbose headers { date: 'Fri, 21 Oct 2016 09:49:48 GMT',
148 verbose headers   via: '1.1 varnish',
148 verbose headers   'cache-control': 'max-age=300',
148 verbose headers   etag: '"E71YFKTSZ9WLQQAFSLA7CYHKZ"',
148 verbose headers   age: '30',
148 verbose headers   connection: 'keep-alive',
148 verbose headers   'x-served-by': 'cache-lcy1124-LCY',
148 verbose headers   'x-cache': 'HIT',
148 verbose headers   'x-cache-hits': '1',
148 verbose headers   'x-timer': 'S1477043388.836803,VS0,VE0',
148 verbose headers   vary: 'Accept-Encoding' }
149 silly get cb [ 304,
149 silly get   { date: 'Fri, 21 Oct 2016 09:49:48 GMT',
149 silly get     via: '1.1 varnish',
149 silly get     'cache-control': 'max-age=300',
149 silly get     etag: '"E71YFKTSZ9WLQQAFSLA7CYHKZ"',
149 silly get     age: '30',
149 silly get     connection: 'keep-alive',
149 silly get     'x-served-by': 'cache-lcy1124-LCY',
149 silly get     'x-cache': 'HIT',
149 silly get     'x-cache-hits': '1',
149 silly get     'x-timer': 'S1477043388.836803,VS0,VE0',
149 silly get     vary: 'Accept-Encoding' } ]
150 verbose etag https://registry.npmjs.org/pomelo-logger from cache
151 verbose get saving pomelo-logger to /Users/champion_yuan/.npm/registry.npmjs.org/pomelo-logger/.cache.json
152 verbose correctMkdir /Users/champion_yuan/.npm correctMkdir not in flight; initializing
153 silly resolveWithNewModule heapdump@0.2.9 checking installable status
154 silly cache add args [ 'heapdump@0.2.9', null ]
155 verbose cache add spec heapdump@0.2.9
156 silly cache add parsed spec Result {
156 silly cache add   raw: 'heapdump@0.2.9',
156 silly cache add   scope: null,
156 silly cache add   name: 'heapdump',
156 silly cache add   rawSpec: '0.2.9',
156 silly cache add   spec: '0.2.9',
156 silly cache add   type: 'version' }
157 silly addNamed heapdump@0.2.9
158 verbose addNamed "0.2.9" is a plain semver version for heapdump
159 silly mapToRegistry name heapdump
160 silly mapToRegistry using default registry
161 silly mapToRegistry registry https://registry.npmjs.org/
162 silly mapToRegistry uri https://registry.npmjs.org/heapdump
163 verbose addNameVersion registry:https://registry.npmjs.org/heapdump not in flight; fetching
164 silly resolveWithNewModule pomelo-logger@0.1.2 checking installable status
165 silly cache add args [ 'pomelo-logger@0.1.2', null ]
166 verbose cache add spec pomelo-logger@0.1.2
167 silly cache add parsed spec Result {
167 silly cache add   raw: 'pomelo-logger@0.1.2',
167 silly cache add   scope: null,
167 silly cache add   name: 'pomelo-logger',
167 silly cache add   rawSpec: '0.1.2',
167 silly cache add   spec: '0.1.2',
167 silly cache add   type: 'version' }
168 silly addNamed pomelo-logger@0.1.2
169 verbose addNamed "0.1.2" is a plain semver version for pomelo-logger
170 silly mapToRegistry name pomelo-logger
171 silly mapToRegistry using default registry
172 silly mapToRegistry registry https://registry.npmjs.org/
173 silly mapToRegistry uri https://registry.npmjs.org/pomelo-logger
174 verbose addNameVersion registry:https://registry.npmjs.org/pomelo-logger not in flight; fetching
175 verbose get https://registry.npmjs.org/heapdump not expired, no request
176 verbose get https://registry.npmjs.org/pomelo-logger not expired, no request
177 silly cache afterAdd heapdump@0.2.9
178 verbose afterAdd /Users/champion_yuan/.npm/heapdump/0.2.9/package/package.json not in flight; writing
179 verbose correctMkdir /Users/champion_yuan/.npm correctMkdir not in flight; initializing
180 silly cache afterAdd pomelo-logger@0.1.2
181 verbose afterAdd /Users/champion_yuan/.npm/pomelo-logger/0.1.2/package/package.json not in flight; writing
182 verbose correctMkdir /Users/champion_yuan/.npm correctMkdir not in flight; initializing
183 verbose afterAdd /Users/champion_yuan/.npm/heapdump/0.2.9/package/package.json written
184 verbose afterAdd /Users/champion_yuan/.npm/pomelo-logger/0.1.2/package/package.json written
185 silly loadAllDepsIntoIdealTree Finishing
186 silly idealTree:prePrune chatofpomelo-websocket@0.0.1
186 silly idealTree:prePrune ├── active-x-obfuscator@0.0.1
186 silly idealTree:prePrune ├── async@0.2.5
186 silly idealTree:prePrune ├── base64-js@0.0.2
186 silly idealTree:prePrune ├── base64id@0.1.0
186 silly idealTree:prePrune ├── bops@0.1.1
186 silly idealTree:prePrune ├── cliff@0.1.8
186 silly idealTree:prePrune ├── colors@0.6.2
186 silly idealTree:prePrune ├── commander@2.0.0
186 silly idealTree:prePrune ├── core-util-is@1.0.2
186 silly idealTree:prePrune ├── crc@0.2.0
186 silly idealTree:prePrune ├── cycle@1.0.3
186 silly idealTree:prePrune ├── dequeue@1.0.3
186 silly idealTree:prePrune ├── eyes@0.1.8
186 silly idealTree:prePrune ├── heapdump@0.2.9
186 silly idealTree:prePrune ├── inherits@2.0.3
186 silly idealTree:prePrune ├── isarray@0.0.1
186 silly idealTree:prePrune ├─┬ log4js@0.6.7
186 silly idealTree:prePrune │ └── async@0.1.15
186 silly idealTree:prePrune ├── mkdirp@0.3.3
186 silly idealTree:prePrune ├── mqtt@0.3.9
186 silly idealTree:prePrune ├── node-bignumber@1.2.1
186 silly idealTree:prePrune ├── node-uuid@1.4.0
186 silly idealTree:prePrune ├── options@0.0.6
186 silly idealTree:prePrune ├── pkginfo@0.2.3
186 silly idealTree:prePrune ├── policyfile@0.0.4
186 silly idealTree:prePrune ├─┬ pomelo-admin@0.4.1
186 silly idealTree:prePrune │ ├── pomelo-logger@0.1.2
186 silly idealTree:prePrune │ └── pomelo-scheduler@0.3.8
186 silly idealTree:prePrune ├── pomelo-loader@0.0.6
186 silly idealTree:prePrune ├─┬ pomelo-logger@0.1.6
186 silly idealTree:prePrune │ ├── async@0.1.15
186 silly idealTree:prePrune │ └── log4js@0.6.16
186 silly idealTree:prePrune ├── pomelo-monitor@0.3.7
186 silly idealTree:prePrune ├── pomelo-protobuf@0.4.0
186 silly idealTree:prePrune ├── pomelo-protocol@0.1.3
186 silly idealTree:prePrune ├─┬ pomelo-rpc@0.4.3
186 silly idealTree:prePrune │ ├── async@0.2.10
186 silly idealTree:prePrune │ ├── pomelo-loader@0.0.5
186 silly idealTree:prePrune │ └── pomelo-logger@0.1.2
186 silly idealTree:prePrune ├── pomelo-scheduler@0.3.9
186 silly idealTree:prePrune ├── pomelo@1.0.4
186 silly idealTree:prePrune ├── readable-stream@1.0.34
186 silly idealTree:prePrune ├── redis@0.7.3
186 silly idealTree:prePrune ├── request@2.9.203
186 silly idealTree:prePrune ├── semver@1.1.4
186 silly idealTree:prePrune ├── seq-queue@0.0.5
186 silly idealTree:prePrune ├── socket.io-client@0.9.16
186 silly idealTree:prePrune ├── socket.io@0.9.16
186 silly idealTree:prePrune ├── stack-trace@0.0.9
186 silly idealTree:prePrune ├── stream-pkg@0.0.5
186 silly idealTree:prePrune ├── string_decoder@0.10.31
186 silly idealTree:prePrune ├── tinycolor@0.0.1
186 silly idealTree:prePrune ├── to-utf8@0.0.1
186 silly idealTree:prePrune ├── uglify-js@1.2.5
186 silly idealTree:prePrune ├─┬ winston@0.6.2
186 silly idealTree:prePrune │ └── async@0.1.22
186 silly idealTree:prePrune ├─┬ ws@0.4.25
186 silly idealTree:prePrune │ └── commander@0.6.1
186 silly idealTree:prePrune ├── xmlhttprequest@1.4.2
186 silly idealTree:prePrune └── zeparser@0.0.5
187 silly loadIdealTree Finishing
188 silly currentTree chatofpomelo-websocket@0.0.1
188 silly currentTree ├── active-x-obfuscator@0.0.1
188 silly currentTree ├── async@0.2.5
188 silly currentTree ├── base64-js@0.0.2
188 silly currentTree ├── base64id@0.1.0
188 silly currentTree ├── bops@0.1.1
188 silly currentTree ├── cliff@0.1.8
188 silly currentTree ├── colors@0.6.2
188 silly currentTree ├── commander@2.0.0
188 silly currentTree ├── core-util-is@1.0.2
188 silly currentTree ├── crc@0.2.0
188 silly currentTree ├── cycle@1.0.3
188 silly currentTree ├── dequeue@1.0.3
188 silly currentTree ├── eyes@0.1.8
188 silly currentTree ├── inherits@2.0.3
188 silly currentTree ├── isarray@0.0.1
188 silly currentTree ├─┬ log4js@0.6.7
188 silly currentTree │ └── async@0.1.15
188 silly currentTree ├── mkdirp@0.3.3
188 silly currentTree ├── mqtt@0.3.9
188 silly currentTree ├── node-bignumber@1.2.1
188 silly currentTree ├── node-uuid@1.4.0
188 silly currentTree ├── options@0.0.6
188 silly currentTree ├── pkginfo@0.2.3
188 silly currentTree ├── policyfile@0.0.4
188 silly currentTree ├── pomelo-loader@0.0.6
188 silly currentTree ├─┬ pomelo-logger@0.1.6
188 silly currentTree │ ├── async@0.1.15
188 silly currentTree │ └── log4js@0.6.16
188 silly currentTree ├── pomelo-monitor@0.3.7
188 silly currentTree ├── pomelo-protobuf@0.4.0
188 silly currentTree ├── pomelo-protocol@0.1.3
188 silly currentTree ├─┬ pomelo-rpc@0.4.3
188 silly currentTree │ ├── async@0.2.10
188 silly currentTree │ ├── pomelo-loader@0.0.5
188 silly currentTree │ └── pomelo-logger@0.1.2
188 silly currentTree ├── pomelo-scheduler@0.3.9
188 silly currentTree ├── readable-stream@1.0.34
188 silly currentTree ├── redis@0.7.3
188 silly currentTree ├── request@2.9.203
188 silly currentTree ├── semver@1.1.4
188 silly currentTree ├── seq-queue@0.0.5
188 silly currentTree ├── socket.io-client@0.9.16
188 silly currentTree ├── socket.io@0.9.16
188 silly currentTree ├── stack-trace@0.0.9
188 silly currentTree ├── stream-pkg@0.0.5
188 silly currentTree ├── string_decoder@0.10.31
188 silly currentTree ├── tinycolor@0.0.1
188 silly currentTree ├── to-utf8@0.0.1
188 silly currentTree ├── uglify-js@1.2.5
188 silly currentTree ├─┬ winston@0.6.2
188 silly currentTree │ └── async@0.1.22
188 silly currentTree ├─┬ ws@0.4.25
188 silly currentTree │ └── commander@0.6.1
188 silly currentTree ├── xmlhttprequest@1.4.2
188 silly currentTree └── zeparser@0.0.5
189 silly idealTree chatofpomelo-websocket@0.0.1
189 silly idealTree ├── active-x-obfuscator@0.0.1
189 silly idealTree ├── async@0.2.5
189 silly idealTree ├── base64-js@0.0.2
189 silly idealTree ├── base64id@0.1.0
189 silly idealTree ├── bops@0.1.1
189 silly idealTree ├── cliff@0.1.8
189 silly idealTree ├── colors@0.6.2
189 silly idealTree ├── commander@2.0.0
189 silly idealTree ├── core-util-is@1.0.2
189 silly idealTree ├── crc@0.2.0
189 silly idealTree ├── cycle@1.0.3
189 silly idealTree ├── dequeue@1.0.3
189 silly idealTree ├── eyes@0.1.8
189 silly idealTree ├── heapdump@0.2.9
189 silly idealTree ├── inherits@2.0.3
189 silly idealTree ├── isarray@0.0.1
189 silly idealTree ├─┬ log4js@0.6.7
189 silly idealTree │ └── async@0.1.15
189 silly idealTree ├── mkdirp@0.3.3
189 silly idealTree ├── mqtt@0.3.9
189 silly idealTree ├── node-bignumber@1.2.1
189 silly idealTree ├── node-uuid@1.4.0
189 silly idealTree ├── options@0.0.6
189 silly idealTree ├── pkginfo@0.2.3
189 silly idealTree ├── policyfile@0.0.4
189 silly idealTree ├─┬ pomelo-admin@0.4.1
189 silly idealTree │ ├── pomelo-logger@0.1.2
189 silly idealTree │ └── pomelo-scheduler@0.3.8
189 silly idealTree ├── pomelo-loader@0.0.6
189 silly idealTree ├─┬ pomelo-logger@0.1.6
189 silly idealTree │ ├── async@0.1.15
189 silly idealTree │ └── log4js@0.6.16
189 silly idealTree ├── pomelo-monitor@0.3.7
189 silly idealTree ├── pomelo-protobuf@0.4.0
189 silly idealTree ├── pomelo-protocol@0.1.3
189 silly idealTree ├─┬ pomelo-rpc@0.4.3
189 silly idealTree │ ├── async@0.2.10
189 silly idealTree │ ├── pomelo-loader@0.0.5
189 silly idealTree │ └── pomelo-logger@0.1.2
189 silly idealTree ├── pomelo-scheduler@0.3.9
189 silly idealTree ├── pomelo@1.0.4
189 silly idealTree ├── readable-stream@1.0.34
189 silly idealTree ├── redis@0.7.3
189 silly idealTree ├── request@2.9.203
189 silly idealTree ├── semver@1.1.4
189 silly idealTree ├── seq-queue@0.0.5
189 silly idealTree ├── socket.io-client@0.9.16
189 silly idealTree ├── socket.io@0.9.16
189 silly idealTree ├── stack-trace@0.0.9
189 silly idealTree ├── stream-pkg@0.0.5
189 silly idealTree ├── string_decoder@0.10.31
189 silly idealTree ├── tinycolor@0.0.1
189 silly idealTree ├── to-utf8@0.0.1
189 silly idealTree ├── uglify-js@1.2.5
189 silly idealTree ├─┬ winston@0.6.2
189 silly idealTree │ └── async@0.1.22
189 silly idealTree ├─┬ ws@0.4.25
189 silly idealTree │ └── commander@0.6.1
189 silly idealTree ├── xmlhttprequest@1.4.2
189 silly idealTree └── zeparser@0.0.5
190 silly generateActionsToTake Starting
191 silly install generateActionsToTake
192 silly generateActionsToTake Finishing
193 silly diffTrees action count 5
194 silly diffTrees add heapdump@0.2.9
195 silly diffTrees add pomelo-logger@0.1.2
196 silly diffTrees add pomelo-scheduler@0.3.8
197 silly diffTrees add pomelo-admin@0.4.1
198 silly diffTrees add pomelo@1.0.4
199 silly decomposeActions action count 40
200 silly decomposeActions fetch heapdump@0.2.9
201 silly decomposeActions extract heapdump@0.2.9
202 silly decomposeActions test heapdump@0.2.9
203 silly decomposeActions preinstall heapdump@0.2.9
204 silly decomposeActions build heapdump@0.2.9
205 silly decomposeActions install heapdump@0.2.9
206 silly decomposeActions postinstall heapdump@0.2.9
207 silly decomposeActions finalize heapdump@0.2.9
208 silly decomposeActions fetch pomelo-logger@0.1.2
209 silly decomposeActions extract pomelo-logger@0.1.2
210 silly decomposeActions test pomelo-logger@0.1.2
211 silly decomposeActions preinstall pomelo-logger@0.1.2
212 silly decomposeActions build pomelo-logger@0.1.2
213 silly decomposeActions install pomelo-logger@0.1.2
214 silly decomposeActions postinstall pomelo-logger@0.1.2
215 silly decomposeActions finalize pomelo-logger@0.1.2
216 silly decomposeActions fetch pomelo-scheduler@0.3.8
217 silly decomposeActions extract pomelo-scheduler@0.3.8
218 silly decomposeActions test pomelo-scheduler@0.3.8
219 silly decomposeActions preinstall pomelo-scheduler@0.3.8
220 silly decomposeActions build pomelo-scheduler@0.3.8
221 silly decomposeActions install pomelo-scheduler@0.3.8
222 silly decomposeActions postinstall pomelo-scheduler@0.3.8
223 silly decomposeActions finalize pomelo-scheduler@0.3.8
224 silly decomposeActions fetch pomelo-admin@0.4.1
225 silly decomposeActions extract pomelo-admin@0.4.1
226 silly decomposeActions test pomelo-admin@0.4.1
227 silly decomposeActions preinstall pomelo-admin@0.4.1
228 silly decomposeActions build pomelo-admin@0.4.1
229 silly decomposeActions install pomelo-admin@0.4.1
230 silly decomposeActions postinstall pomelo-admin@0.4.1
231 silly decomposeActions finalize pomelo-admin@0.4.1
232 silly decomposeActions fetch pomelo@1.0.4
233 silly decomposeActions extract pomelo@1.0.4
234 silly decomposeActions test pomelo@1.0.4
235 silly decomposeActions preinstall pomelo@1.0.4
236 silly decomposeActions build pomelo@1.0.4
237 silly decomposeActions install pomelo@1.0.4
238 silly decomposeActions postinstall pomelo@1.0.4
239 silly decomposeActions finalize pomelo@1.0.4
240 silly executeActions Starting
241 silly install executeActions
242 silly doSerial global-install 0
243 silly doParallel fetch 5
244 verbose correctMkdir /Users/champion_yuan/.npm/_locks correctMkdir not in flight; initializing
245 verbose lock using /Users/champion_yuan/.npm/_locks/staging-2ecda1bca21da628.lock for /Users/champion_yuan/Desktop/chatofpomelo-websocket-master/game-server/node_modules/.staging
246 silly doParallel extract 5
247 silly extract heapdump@0.2.9
248 silly extract pomelo-logger@0.1.2
249 silly extract pomelo-scheduler@0.3.8
250 silly extract pomelo-admin@0.4.1
251 silly extract pomelo@1.0.4
252 verbose unbuild node_modules/.staging/heapdump-f5b4ee7b
253 verbose unbuild node_modules/.staging/pomelo-logger-ca0492ae
254 verbose unbuild node_modules/.staging/pomelo-scheduler-4d2b404c
255 verbose unbuild node_modules/.staging/pomelo-admin-22ce6c89
256 verbose unbuild node_modules/.staging/pomelo-61b69303
257 silly gentlyRm /Users/champion_yuan/Desktop/chatofpomelo-websocket-master/game-server/node_modules/.staging/heapdump-f5b4ee7b is being purged from base /Users/champion_yuan/Desktop/chatofpomelo-websocket-master/game-server
258 verbose gentlyRm don't care about contents; nuking /Users/champion_yuan/Desktop/chatofpomelo-websocket-master/game-server/node_modules/.staging/heapdump-f5b4ee7b
259 silly gentlyRm /Users/champion_yuan/Desktop/chatofpomelo-websocket-master/game-server/node_modules/.staging/pomelo-logger-ca0492ae is being purged from base /Users/champion_yuan/Desktop/chatofpomelo-websocket-master/game-server
260 verbose gentlyRm don't care about contents; nuking /Users/champion_yuan/Desktop/chatofpomelo-websocket-master/game-server/node_modules/.staging/pomelo-logger-ca0492ae
261 silly gentlyRm /Users/champion_yuan/Desktop/chatofpomelo-websocket-master/game-server/node_modules/.staging/pomelo-scheduler-4d2b404c is being purged from base /Users/champion_yuan/Desktop/chatofpomelo-websocket-master/game-server
262 verbose gentlyRm don't care about contents; nuking /Users/champion_yuan/Desktop/chatofpomelo-websocket-master/game-server/node_modules/.staging/pomelo-scheduler-4d2b404c
263 silly gentlyRm /Users/champion_yuan/Desktop/chatofpomelo-websocket-master/game-server/node_modules/.staging/pomelo-admin-22ce6c89 is being purged from base /Users/champion_yuan/Desktop/chatofpomelo-websocket-master/game-server
264 verbose gentlyRm don't care about contents; nuking /Users/champion_yuan/Desktop/chatofpomelo-websocket-master/game-server/node_modules/.staging/pomelo-admin-22ce6c89
265 verbose tar unpack /Users/champion_yuan/.npm/heapdump/0.2.9/package.tgz
266 verbose tar unpacking to /Users/champion_yuan/Desktop/chatofpomelo-websocket-master/game-server/node_modules/.staging/heapdump-f5b4ee7b
267 silly gentlyRm /Users/champion_yuan/Desktop/chatofpomelo-websocket-master/game-server/node_modules/.staging/heapdump-f5b4ee7b is being purged
268 verbose gentlyRm don't care about contents; nuking /Users/champion_yuan/Desktop/chatofpomelo-websocket-master/game-server/node_modules/.staging/heapdump-f5b4ee7b
269 verbose tar unpack /Users/champion_yuan/.npm/pomelo-logger/0.1.2/package.tgz
270 verbose tar unpacking to /Users/champion_yuan/Desktop/chatofpomelo-websocket-master/game-server/node_modules/.staging/pomelo-logger-ca0492ae
271 silly gentlyRm /Users/champion_yuan/Desktop/chatofpomelo-websocket-master/game-server/node_modules/.staging/pomelo-logger-ca0492ae is being purged
272 verbose gentlyRm don't care about contents; nuking /Users/champion_yuan/Desktop/chatofpomelo-websocket-master/game-server/node_modules/.staging/pomelo-logger-ca0492ae
273 verbose tar unpack /Users/champion_yuan/.npm/pomelo-scheduler/0.3.8/package.tgz
274 verbose tar unpacking to /Users/champion_yuan/Desktop/chatofpomelo-websocket-master/game-server/node_modules/.staging/pomelo-scheduler-4d2b404c
275 silly gentlyRm /Users/champion_yuan/Desktop/chatofpomelo-websocket-master/game-server/node_modules/.staging/pomelo-scheduler-4d2b404c is being purged
276 verbose gentlyRm don't care about contents; nuking /Users/champion_yuan/Desktop/chatofpomelo-websocket-master/game-server/node_modules/.staging/pomelo-scheduler-4d2b404c
277 verbose tar unpack /Users/champion_yuan/.npm/pomelo-admin/0.4.1/package.tgz
278 verbose tar unpacking to /Users/champion_yuan/Desktop/chatofpomelo-websocket-master/game-server/node_modules/.staging/pomelo-admin-22ce6c89
279 silly gentlyRm /Users/champion_yuan/Desktop/chatofpomelo-websocket-master/game-server/node_modules/.staging/pomelo-admin-22ce6c89 is being purged
280 verbose gentlyRm don't care about contents; nuking /Users/champion_yuan/Desktop/chatofpomelo-websocket-master/game-server/node_modules/.staging/pomelo-admin-22ce6c89
281 silly gentlyRm /Users/champion_yuan/Desktop/chatofpomelo-websocket-master/game-server/node_modules/.staging/pomelo-61b69303 is being purged from base /Users/champion_yuan/Desktop/chatofpomelo-websocket-master/game-server
282 verbose gentlyRm don't care about contents; nuking /Users/champion_yuan/Desktop/chatofpomelo-websocket-master/game-server/node_modules/.staging/pomelo-61b69303
283 silly gunzTarPerm modes [ '755', '644' ]
284 silly gunzTarPerm modes [ '755', '644' ]
285 silly gunzTarPerm modes [ '755', '644' ]
286 silly gunzTarPerm modes [ '755', '644' ]
287 verbose tar unpack /Users/champion_yuan/.npm/pomelo/1.0.4/package.tgz
288 verbose tar unpacking to /Users/champion_yuan/Desktop/chatofpomelo-websocket-master/game-server/node_modules/.staging/pomelo-61b69303
289 silly gentlyRm /Users/champion_yuan/Desktop/chatofpomelo-websocket-master/game-server/node_modules/.staging/pomelo-61b69303 is being purged
290 verbose gentlyRm don't care about contents; nuking /Users/champion_yuan/Desktop/chatofpomelo-websocket-master/game-server/node_modules/.staging/pomelo-61b69303
291 silly gunzTarPerm modes [ '755', '644' ]
292 silly gunzTarPerm extractEntry package.json
293 silly gunzTarPerm extractEntry package.json
294 silly gunzTarPerm extractEntry package.json
295 silly gunzTarPerm extractEntry package.json
296 silly gunzTarPerm extractEntry package.json
297 silly gunzTarPerm modified mode [ 'package.json', 436, 420 ]
298 silly gunzTarPerm extractEntry .npmignore
299 silly gunzTarPerm extractEntry README.md
300 silly gunzTarPerm extractEntry .npmignore
301 silly gunzTarPerm extractEntry README.md
302 silly gunzTarPerm extractEntry README.md
303 silly gunzTarPerm extractEntry LICENSE
304 silly gunzTarPerm extractEntry .npmignore
305 silly gunzTarPerm extractEntry README.md
306 silly gunzTarPerm extractEntry .npmignore
307 silly gunzTarPerm modified mode [ '.npmignore', 436, 420 ]
308 silly gunzTarPerm extractEntry README.md
309 silly gunzTarPerm modified mode [ 'README.md', 436, 420 ]
310 silly gunzTarPerm extractEntry LICENSE
311 silly gunzTarPerm extractEntry index.js
312 silly gunzTarPerm extractEntry LICENSE
313 silly gunzTarPerm extractEntry binding.gyp
314 silly gunzTarPerm extractEntry .project
315 silly gunzTarPerm extractEntry lib/cronTrigger.js
316 silly gunzTarPerm extractEntry LICENSE
317 silly gunzTarPerm extractEntry index.js
318 silly gunzTarPerm extractEntry LICENSE
319 silly gunzTarPerm modified mode [ 'LICENSE', 436, 420 ]
320 silly gunzTarPerm extractEntry gruntfile.js
321 silly gunzTarPerm modified mode [ 'gruntfile.js', 436, 420 ]
322 silly gunzTarPerm extractEntry src/heapdump.cc
323 silly gunzTarPerm extractEntry src/heapdump.h
324 silly gunzTarPerm extractEntry .jshintrc
325 silly gunzTarPerm extractEntry examples/log.js
326 silly gunzTarPerm extractEntry .jshintrc
327 silly gunzTarPerm extractEntry Makefile
328 silly gunzTarPerm extractEntry lib/cronTriggerDecoder.js
329 silly gunzTarPerm extractEntry index.js
330 silly gunzTarPerm modified mode [ 'index.js', 436, 420 ]
331 silly gunzTarPerm extractEntry coverage/blanket.js
332 silly gunzTarPerm modified mode [ 'coverage/blanket.js', 436, 420 ]
333 silly gunzTarPerm extractEntry src/platform-posix.cc
334 silly gunzTarPerm extractEntry src/platform-win32.cc
335 silly gunzTarPerm extractEntry test/test.js
336 silly gunzTarPerm extractEntry lib/logger.js
337 silly gunzTarPerm extractEntry lib/consoleService.js
338 silly gunzTarPerm extractEntry lib/masterAgent.js
339 silly gunzTarPerm extractEntry lib/monitorAgent.js
340 silly gunzTarPerm extractEntry lib/client/client.js
341 silly gunzTarPerm extractEntry lib/modules/monitorLog.js
342 silly gunzTarPerm extractEntry lib/modules/nodeInfo.js
343 silly gunzTarPerm extractEntry lib/modules/profiler.js
344 silly gunzTarPerm extractEntry lib/modules/scripts.js
345 silly gunzTarPerm extractEntry lib/modules/systemInfo.js
346 silly gunzTarPerm extractEntry lib/modules/watchServer.js
347 silly gunzTarPerm extractEntry lib/util/countDownLatch.js
348 silly gunzTarPerm extractEntry lib/util/profileProxy.js
349 silly gunzTarPerm extractEntry lib/util/protocol.js
350 silly gunzTarPerm extractEntry lib/util/utils.js
351 silly gunzTarPerm extractEntry test/agent-test.js
352 silly gunzTarPerm extractEntry test/console-service-test.js
353 silly gunzTarPerm extractEntry lib/job.js
354 silly gunzTarPerm extractEntry lib/priorityQueue.js
355 silly gunzTarPerm extractEntry .jshintrc
356 silly gunzTarPerm modified mode [ '.jshintrc', 436, 420 ]
357 silly gunzTarPerm extractEntry bin/pomelo
358 silly gunzTarPerm modified mode [ 'bin/pomelo', 509, 493 ]
359 silly gunzTarPerm extractEntry lib/schedule.js
360 silly gunzTarPerm extractEntry lib/simpleTrigger.js
361 silly gunzTarPerm extractEntry .travis.yml
362 silly gunzTarPerm modified mode [ '.travis.yml', 436, 420 ]
363 silly gunzTarPerm extractEntry AUTHORS
364 silly gunzTarPerm modified mode [ 'AUTHORS', 436, 420 ]
365 silly gunzTarPerm extractEntry History.md
366 silly gunzTarPerm modified mode [ 'History.md', 436, 420 ]
367 silly gunzTarPerm extractEntry test/cronTriggerTest.js
368 silly gunzTarPerm extractEntry test/priorityQueueTest.js
369 silly gunzTarPerm extractEntry lib/application.js
370 silly gunzTarPerm modified mode [ 'lib/application.js', 436, 420 ]
371 silly gunzTarPerm extractEntry lib/index.js
372 silly gunzTarPerm modified mode [ 'lib/index.js', 436, 420 ]
373 silly gunzTarPerm extractEntry test/scheduleTest.js
374 silly gunzTarPerm extractEntry lib/pomelo.js
375 silly gunzTarPerm modified mode [ 'lib/pomelo.js', 436, 420 ]
376 silly gunzTarPerm extractEntry lib/connectors/udpsocket.js
377 silly gunzTarPerm modified mode [ 'lib/connectors/udpsocket.js', 436, 420 ]
378 silly gunzTarPerm extractEntry lib/connectors/udpconnector.js
379 silly gunzTarPerm modified mode [ 'lib/connectors/udpconnector.js', 436, 420 ]
380 silly gunzTarPerm extractEntry lib/connectors/hybridconnector.js
381 silly gunzTarPerm modified mode [ 'lib/connectors/hybridconnector.js', 436, 420 ]
382 silly gunzTarPerm extractEntry lib/connectors/hybridsocket.js
383 silly gunzTarPerm modified mode [ 'lib/connectors/hybridsocket.js', 436, 420 ]
384 silly gunzTarPerm extractEntry lib/connectors/siosocket.js
385 silly gunzTarPerm modified mode [ 'lib/connectors/siosocket.js', 436, 420 ]
386 silly gunzTarPerm extractEntry lib/connectors/sioconnector.js
387 silly gunzTarPerm modified mode [ 'lib/connectors/sioconnector.js', 436, 420 ]
388 silly gunzTarPerm extractEntry lib/connectors/mqttsocket.js
389 silly gunzTarPerm modified mode [ 'lib/connectors/mqttsocket.js', 436, 420 ]
390 silly gentlyRm /Users/champion_yuan/Desktop/chatofpomelo-websocket-master/game-server/node_modules/.staging/pomelo-logger-ca0492ae/node_modules is being purged
391 verbose gentlyRm don't care about contents; nuking /Users/champion_yuan/Desktop/chatofpomelo-websocket-master/game-server/node_modules/.staging/pomelo-logger-ca0492ae/node_modules
392 silly gunzTarPerm extractEntry lib/connectors/mqttconnector.js
393 silly gunzTarPerm modified mode [ 'lib/connectors/mqttconnector.js', 436, 420 ]
394 silly gunzTarPerm extractEntry lib/connectors/common/coder.js
395 silly gunzTarPerm modified mode [ 'lib/connectors/common/coder.js', 436, 420 ]
396 silly gunzTarPerm extractEntry lib/connectors/common/handler.js
397 silly gunzTarPerm modified mode [ 'lib/connectors/common/handler.js', 436, 420 ]
398 silly gunzTarPerm extractEntry lib/connectors/mqtt/generate.js
399 silly gunzTarPerm modified mode [ 'lib/connectors/mqtt/generate.js', 436, 420 ]
400 silly gentlyRm /Users/champion_yuan/Desktop/chatofpomelo-websocket-master/game-server/node_modules/.staging/heapdump-f5b4ee7b/node_modules is being purged
401 verbose gentlyRm don't care about contents; nuking /Users/champion_yuan/Desktop/chatofpomelo-websocket-master/game-server/node_modules/.staging/heapdump-f5b4ee7b/node_modules
402 silly gunzTarPerm extractEntry lib/connectors/mqtt/mqttadaptor.js
403 silly gunzTarPerm modified mode [ 'lib/connectors/mqtt/mqttadaptor.js', 436, 420 ]
404 silly gunzTarPerm extractEntry lib/connectors/mqtt/protocol.js
405 silly gunzTarPerm modified mode [ 'lib/connectors/mqtt/protocol.js', 436, 420 ]
406 silly gunzTarPerm extractEntry lib/connectors/hybrid/switcher.js
407 silly gunzTarPerm modified mode [ 'lib/connectors/hybrid/switcher.js', 436, 420 ]
408 silly gunzTarPerm extractEntry lib/connectors/hybrid/tcpprocessor.js
409 silly gunzTarPerm modified mode [ 'lib/connectors/hybrid/tcpprocessor.js', 436, 420 ]
410 silly gunzTarPerm extractEntry lib/connectors/hybrid/tcpsocket.js
411 silly gunzTarPerm modified mode [ 'lib/connectors/hybrid/tcpsocket.js', 436, 420 ]
412 silly gunzTarPerm extractEntry lib/connectors/hybrid/tlssocket.js
413 silly gunzTarPerm modified mode [ 'lib/connectors/hybrid/tlssocket.js', 436, 420 ]
414 silly gunzTarPerm extractEntry lib/connectors/hybrid/wsprocessor.js
415 silly gunzTarPerm modified mode [ 'lib/connectors/hybrid/wsprocessor.js', 436, 420 ]
416 silly gunzTarPerm extractEntry lib/connectors/commands/handshake.js
417 silly gunzTarPerm modified mode [ 'lib/connectors/commands/handshake.js', 436, 420 ]
418 silly gentlyRm /Users/champion_yuan/Desktop/chatofpomelo-websocket-master/game-server/node_modules/.staging/pomelo-scheduler-4d2b404c/node_modules is being purged
419 verbose gentlyRm don't care about contents; nuking /Users/champion_yuan/Desktop/chatofpomelo-websocket-master/game-server/node_modules/.staging/pomelo-scheduler-4d2b404c/node_modules
420 silly gunzTarPerm extractEntry lib/connectors/commands/heartbeat.js
421 silly gunzTarPerm modified mode [ 'lib/connectors/commands/heartbeat.js', 436, 420 ]
422 silly gunzTarPerm extractEntry lib/connectors/commands/kick.js
423 silly gunzTarPerm modified mode [ 'lib/connectors/commands/kick.js', 436, 420 ]
424 silly gunzTarPerm extractEntry lib/filters/handler/serial.js
425 silly gunzTarPerm modified mode [ 'lib/filters/handler/serial.js', 436, 420 ]
426 silly gunzTarPerm extractEntry lib/filters/handler/time.js
427 silly gunzTarPerm modified mode [ 'lib/filters/handler/time.js', 436, 420 ]
428 silly gunzTarPerm extractEntry lib/filters/handler/timeout.js
429 silly gunzTarPerm modified mode [ 'lib/filters/handler/timeout.js', 436, 420 ]
430 silly gunzTarPerm extractEntry lib/filters/handler/toobusy.js
431 silly gunzTarPerm modified mode [ 'lib/filters/handler/toobusy.js', 436, 420 ]
432 silly gunzTarPerm extractEntry lib/filters/rpc/rpcLog.js
433 silly gunzTarPerm modified mode [ 'lib/filters/rpc/rpcLog.js', 436, 420 ]
434 silly gunzTarPerm extractEntry lib/filters/rpc/toobusy.js
435 silly gunzTarPerm modified mode [ 'lib/filters/rpc/toobusy.js', 436, 420 ]
436 silly gunzTarPerm extractEntry lib/util/appUtil.js
437 silly gunzTarPerm modified mode [ 'lib/util/appUtil.js', 436, 420 ]
438 silly gunzTarPerm extractEntry lib/util/constants.js
439 silly gunzTarPerm modified mode [ 'lib/util/constants.js', 436, 420 ]
440 silly gunzTarPerm extractEntry lib/util/countDownLatch.js
441 silly gunzTarPerm modified mode [ 'lib/util/countDownLatch.js', 436, 420 ]
442 silly gunzTarPerm extractEntry lib/util/events.js
443 silly gunzTarPerm modified mode [ 'lib/util/events.js', 436, 420 ]
444 silly gunzTarPerm extractEntry lib/util/log.js
445 silly gunzTarPerm modified mode [ 'lib/util/log.js', 436, 420 ]
446 silly gunzTarPerm extractEntry lib/util/moduleUtil.js
447 silly gunzTarPerm modified mode [ 'lib/util/moduleUtil.js', 436, 420 ]
448 silly gunzTarPerm extractEntry lib/util/pathUtil.js
449 silly gunzTarPerm modified mode [ 'lib/util/pathUtil.js', 436, 420 ]
450 silly gunzTarPerm extractEntry lib/util/utils.js
451 silly gunzTarPerm modified mode [ 'lib/util/utils.js', 436, 420 ]
452 silly gunzTarPerm extractEntry lib/common/manager/appManager.js
453 silly gunzTarPerm modified mode [ 'lib/common/manager/appManager.js', 436, 420 ]
454 silly gunzTarPerm extractEntry lib/common/manager/taskManager.js
455 silly gunzTarPerm modified mode [ 'lib/common/manager/taskManager.js', 436, 420 ]
456 silly gunzTarPerm extractEntry lib/common/remote/backend/msgRemote.js
457 silly gunzTarPerm modified mode [ 'lib/common/remote/backend/msgRemote.js', 436, 420 ]
458 silly gunzTarPerm extractEntry lib/common/remote/frontend/channelRemote.js
459 silly gunzTarPerm modified mode [ 'lib/common/remote/frontend/channelRemote.js', 436, 420 ]
460 silly gentlyRm /Users/champion_yuan/Desktop/chatofpomelo-websocket-master/game-server/node_modules/.staging/pomelo-admin-22ce6c89/node_modules is being purged
461 verbose gentlyRm don't care about contents; nuking /Users/champion_yuan/Desktop/chatofpomelo-websocket-master/game-server/node_modules/.staging/pomelo-admin-22ce6c89/node_modules
462 silly gunzTarPerm extractEntry lib/common/remote/frontend/sessionRemote.js
463 silly gunzTarPerm modified mode [ 'lib/common/remote/frontend/sessionRemote.js', 436, 420 ]
464 silly gunzTarPerm extractEntry lib/common/service/backendSessionService.js
465 silly gunzTarPerm modified mode [ 'lib/common/service/backendSessionService.js', 436, 420 ]
466 silly gunzTarPerm extractEntry lib/common/service/channelService.js
467 silly gunzTarPerm modified mode [ 'lib/common/service/channelService.js', 436, 420 ]
468 silly gunzTarPerm extractEntry lib/common/service/connectionService.js
469 silly gunzTarPerm modified mode [ 'lib/common/service/connectionService.js', 436, 420 ]
470 silly gunzTarPerm extractEntry lib/common/service/filterService.js
471 silly gunzTarPerm modified mode [ 'lib/common/service/filterService.js', 436, 420 ]
472 silly gunzTarPerm extractEntry lib/common/service/handlerService.js
473 silly gunzTarPerm modified mode [ 'lib/common/service/handlerService.js', 436, 420 ]
474 silly gunzTarPerm extractEntry lib/common/service/sessionService.js
475 silly gunzTarPerm modified mode [ 'lib/common/service/sessionService.js', 436, 420 ]
476 silly gunzTarPerm extractEntry lib/modules/console.js
477 silly gunzTarPerm modified mode [ 'lib/modules/console.js', 436, 420 ]
478 silly gunzTarPerm extractEntry lib/modules/masterwatcher.js
479 silly gunzTarPerm modified mode [ 'lib/modules/masterwatcher.js', 436, 420 ]
480 silly gunzTarPerm extractEntry lib/modules/monitorwatcher.js
481 silly gunzTarPerm modified mode [ 'lib/modules/monitorwatcher.js', 436, 420 ]
482 silly gunzTarPerm extractEntry lib/monitor/monitor.js
483 silly gunzTarPerm modified mode [ 'lib/monitor/monitor.js', 436, 420 ]
484 silly gunzTarPerm extractEntry lib/components/backendSession.js
485 silly gunzTarPerm modified mode [ 'lib/components/backendSession.js', 436, 420 ]
486 silly gunzTarPerm extractEntry lib/components/connector.js
487 silly gunzTarPerm modified mode [ 'lib/components/connector.js', 436, 420 ]
488 silly gunzTarPerm extractEntry lib/components/dictionary.js
489 silly gunzTarPerm modified mode [ 'lib/components/dictionary.js', 436, 420 ]
490 silly gunzTarPerm extractEntry lib/components/master.js
491 silly gunzTarPerm modified mode [ 'lib/components/master.js', 436, 420 ]
492 silly gunzTarPerm extractEntry lib/components/connection.js
493 silly gunzTarPerm modified mode [ 'lib/components/connection.js', 436, 420 ]
494 silly gunzTarPerm extractEntry lib/components/protobuf.js
495 silly gunzTarPerm modified mode [ 'lib/components/protobuf.js', 436, 420 ]
496 silly gunzTarPerm extractEntry lib/components/proxy.js
497 silly gunzTarPerm modified mode [ 'lib/components/proxy.js', 436, 420 ]
498 silly gunzTarPerm extractEntry lib/components/pushScheduler.js
499 silly gunzTarPerm modified mode [ 'lib/components/pushScheduler.js', 436, 420 ]
500 silly gunzTarPerm extractEntry lib/components/remote.js
501 silly gunzTarPerm modified mode [ 'lib/components/remote.js', 436, 420 ]
502 silly gunzTarPerm extractEntry lib/components/server.js
503 silly gunzTarPerm modified mode [ 'lib/components/server.js', 436, 420 ]
504 silly gunzTarPerm extractEntry lib/components/channel.js
505 silly gunzTarPerm modified mode [ 'lib/components/channel.js', 436, 420 ]
506 silly gunzTarPerm extractEntry lib/components/session.js
507 silly gunzTarPerm modified mode [ 'lib/components/session.js', 436, 420 ]
508 silly gunzTarPerm extractEntry lib/components/monitor.js
509 silly gunzTarPerm modified mode [ 'lib/components/monitor.js', 436, 420 ]
510 silly gunzTarPerm extractEntry lib/pushSchedulers/buffer.js
511 silly gunzTarPerm modified mode [ 'lib/pushSchedulers/buffer.js', 436, 420 ]
512 silly gunzTarPerm extractEntry lib/pushSchedulers/direct.js
513 silly gunzTarPerm modified mode [ 'lib/pushSchedulers/direct.js', 436, 420 ]
514 silly gunzTarPerm extractEntry lib/server/server.js
515 silly gunzTarPerm modified mode [ 'lib/server/server.js', 436, 420 ]
516 silly gunzTarPerm extractEntry lib/master/master.js
517 silly gunzTarPerm modified mode [ 'lib/master/master.js', 436, 420 ]
518 silly gunzTarPerm extractEntry lib/master/starter.js
519 silly gunzTarPerm modified mode [ 'lib/master/starter.js', 436, 420 ]
520 silly gunzTarPerm extractEntry lib/master/watchdog.js
521 silly gunzTarPerm modified mode [ 'lib/master/watchdog.js', 436, 420 ]
522 silly gunzTarPerm extractEntry template/game-server/package.json
523 silly gunzTarPerm modified mode [ 'template/game-server/package.json', 436, 420 ]
524 silly gunzTarPerm extractEntry template/game-server/app.js
525 silly gunzTarPerm modified mode [ 'template/game-server/app.js', 436, 420 ]
526 silly gunzTarPerm extractEntry template/game-server/app/servers/connector/handler/entryHandler.js
527 silly gunzTarPerm modified mode [ 'template/game-server/app/servers/connector/handler/entryHandler.js',
527 silly gunzTarPerm   436,
527 silly gunzTarPerm   420 ]
528 silly gunzTarPerm extractEntry template/game-server/app.js.mqtt
529 silly gunzTarPerm modified mode [ 'template/game-server/app.js.mqtt', 436, 420 ]
530 silly gunzTarPerm extractEntry template/game-server/app.js.sio
531 silly gunzTarPerm modified mode [ 'template/game-server/app.js.sio', 436, 420 ]
532 silly gunzTarPerm extractEntry template/game-server/app.js.sio.wss
533 silly gunzTarPerm modified mode [ 'template/game-server/app.js.sio.wss', 436, 420 ]
534 silly gunzTarPerm extractEntry template/game-server/app.js.udp
535 silly gunzTarPerm modified mode [ 'template/game-server/app.js.udp', 436, 420 ]
536 silly gunzTarPerm extractEntry template/game-server/app.js.wss
537 silly gunzTarPerm modified mode [ 'template/game-server/app.js.wss', 436, 420 ]
538 silly gunzTarPerm extractEntry template/game-server/config/adminServer.json
539 silly gunzTarPerm modified mode [ 'template/game-server/config/adminServer.json', 436, 420 ]
540 silly gunzTarPerm extractEntry template/game-server/config/adminUser.json
541 silly gunzTarPerm modified mode [ 'template/game-server/config/adminUser.json', 436, 420 ]
542 silly gunzTarPerm extractEntry template/game-server/config/clientProtos.json
543 silly gunzTarPerm modified mode [ 'template/game-server/config/clientProtos.json', 436, 420 ]
544 silly gunzTarPerm extractEntry template/game-server/config/dictionary.json
545 silly gunzTarPerm modified mode [ 'template/game-server/config/dictionary.json', 436, 420 ]
546 silly gunzTarPerm extractEntry template/game-server/config/log4js.json
547 silly gunzTarPerm modified mode [ 'template/game-server/config/log4js.json', 436, 420 ]
548 silly gunzTarPerm extractEntry template/game-server/config/master.json
549 silly gunzTarPerm modified mode [ 'template/game-server/config/master.json', 436, 420 ]
550 silly gunzTarPerm extractEntry template/game-server/config/serverProtos.json
551 silly gunzTarPerm modified mode [ 'template/game-server/config/serverProtos.json', 436, 420 ]
552 silly gunzTarPerm extractEntry template/game-server/config/servers.json
553 silly gunzTarPerm modified mode [ 'template/game-server/config/servers.json', 436, 420 ]
554 silly gunzTarPerm extractEntry template/npm-install.bat
555 silly gunzTarPerm modified mode [ 'template/npm-install.bat', 436, 420 ]
556 silly gunzTarPerm extractEntry template/npm-install.sh
557 silly gunzTarPerm modified mode [ 'template/npm-install.sh', 509, 493 ]
558 silly gunzTarPerm extractEntry template/shared/server.crt
559 silly gunzTarPerm modified mode [ 'template/shared/server.crt', 436, 420 ]
560 silly gunzTarPerm extractEntry template/shared/server.key
561 silly gunzTarPerm modified mode [ 'template/shared/server.key', 436, 420 ]
562 silly gunzTarPerm extractEntry template/web-server/package.json
563 silly gunzTarPerm modified mode [ 'template/web-server/package.json', 436, 420 ]
564 silly gunzTarPerm extractEntry template/web-server/app.js
565 silly gunzTarPerm modified mode [ 'template/web-server/app.js', 436, 420 ]
566 silly gunzTarPerm extractEntry template/web-server/app.js.https
567 silly gunzTarPerm modified mode [ 'template/web-server/app.js.https', 436, 420 ]
568 silly gunzTarPerm extractEntry template/web-server/bin/component.bat
569 silly gunzTarPerm modified mode [ 'template/web-server/bin/component.bat', 436, 420 ]
570 silly gunzTarPerm extractEntry template/web-server/bin/component.sh
571 silly gunzTarPerm modified mode [ 'template/web-server/bin/component.sh', 436, 420 ]
572 silly gunzTarPerm extractEntry template/web-server/public/css/base.css
573 silly gunzTarPerm modified mode [ 'template/web-server/public/css/base.css', 436, 420 ]
574 silly gunzTarPerm extractEntry template/web-server/public/image/logo.png
575 silly gunzTarPerm modified mode [ 'template/web-server/public/image/logo.png', 436, 420 ]
576 silly gunzTarPerm extractEntry template/web-server/public/image/sp.png
577 silly gunzTarPerm modified mode [ 'template/web-server/public/image/sp.png', 436, 420 ]
578 silly gunzTarPerm extractEntry template/web-server/public/index.html
579 silly gunzTarPerm modified mode [ 'template/web-server/public/index.html', 436, 420 ]
580 silly gunzTarPerm extractEntry template/web-server/public/index.html.sio
581 silly gunzTarPerm modified mode [ 'template/web-server/public/index.html.sio', 436, 420 ]
582 silly gunzTarPerm extractEntry template/web-server/public/js/lib/pomeloclient.js
583 silly gunzTarPerm modified mode [ 'template/web-server/public/js/lib/pomeloclient.js', 436, 420 ]
584 silly gunzTarPerm extractEntry template/web-server/public/js/lib/socket.io.js
585 silly gunzTarPerm modified mode [ 'template/web-server/public/js/lib/socket.io.js', 436, 420 ]
586 silly gunzTarPerm extractEntry template/web-server/public/js/lib/build/build.js
587 silly gunzTarPerm modified mode [ 'template/web-server/public/js/lib/build/build.js', 436, 420 ]
588 silly gunzTarPerm extractEntry template/web-server/public/js/lib/build/build.js.wss
589 silly gunzTarPerm modified mode [ 'template/web-server/public/js/lib/build/build.js.wss',
589 silly gunzTarPerm   436,
589 silly gunzTarPerm   420 ]
590 silly gunzTarPerm extractEntry template/web-server/public/js/lib/component.json
591 silly gunzTarPerm modified mode [ 'template/web-server/public/js/lib/component.json', 436, 420 ]
592 silly gunzTarPerm extractEntry template/web-server/public/js/lib/local/boot/index.js
593 silly gunzTarPerm modified mode [ 'template/web-server/public/js/lib/local/boot/index.js',
593 silly gunzTarPerm   436,
593 silly gunzTarPerm   420 ]
594 silly gunzTarPerm extractEntry template/web-server/public/js/lib/local/boot/component.json
595 silly gunzTarPerm modified mode [ 'template/web-server/public/js/lib/local/boot/component.json',
595 silly gunzTarPerm   436,
595 silly gunzTarPerm   420 ]
596 silly gunzTarPerm extractEntry template/web-server/public/js/lib/pomeloclient.js.wss
597 silly gunzTarPerm modified mode [ 'template/web-server/public/js/lib/pomeloclient.js.wss',
597 silly gunzTarPerm   436,
597 silly gunzTarPerm   420 ]
598 silly gunzTarPerm extractEntry test/application.js
599 silly gunzTarPerm modified mode [ 'test/application.js', 436, 420 ]
600 silly gunzTarPerm extractEntry test/pomelo.js
601 silly gunzTarPerm modified mode [ 'test/pomelo.js', 436, 420 ]
602 silly gunzTarPerm extractEntry test/filters/handler/serial.js
603 silly gunzTarPerm modified mode [ 'test/filters/handler/serial.js', 436, 420 ]
604 silly gunzTarPerm extractEntry test/filters/handler/time.js
605 silly gunzTarPerm modified mode [ 'test/filters/handler/time.js', 436, 420 ]
606 silly gunzTarPerm extractEntry test/filters/handler/timeout.js
607 silly gunzTarPerm modified mode [ 'test/filters/handler/timeout.js', 436, 420 ]
608 silly gunzTarPerm extractEntry test/filters/handler/toobusy.js
609 silly gunzTarPerm modified mode [ 'test/filters/handler/toobusy.js', 436, 420 ]
610 silly gunzTarPerm extractEntry test/filters/rpc/rpcLog.js
611 silly gunzTarPerm modified mode [ 'test/filters/rpc/rpcLog.js', 436, 420 ]
612 silly gunzTarPerm extractEntry test/filters/rpc/toobusy.js
613 silly gunzTarPerm modified mode [ 'test/filters/rpc/toobusy.js', 436, 420 ]
614 silly gunzTarPerm extractEntry test/logs/tmp
615 silly gunzTarPerm modified mode [ 'test/logs/tmp', 436, 420 ]
616 silly gunzTarPerm extractEntry test/manager/mockChannelManager.js
617 silly gunzTarPerm modified mode [ 'test/manager/mockChannelManager.js', 436, 420 ]
618 silly gunzTarPerm extractEntry test/manager/taskManager.js
619 silly gunzTarPerm modified mode [ 'test/manager/taskManager.js', 436, 420 ]
620 silly gunzTarPerm extractEntry test/mock-base/.npmignore
621 silly gunzTarPerm modified mode [ 'test/mock-base/.npmignore', 436, 420 ]
622 silly gunzTarPerm extractEntry test/mock-base/app/.npmignore
623 silly gunzTarPerm modified mode [ 'test/mock-base/app/.npmignore', 436, 420 ]
624 silly gunzTarPerm extractEntry test/mock-base/app/servers/.npmignore
625 silly gunzTarPerm modified mode [ 'test/mock-base/app/servers/.npmignore', 436, 420 ]
626 silly gunzTarPerm extractEntry test/mock-base/app/servers/.file-start-with-dot
627 silly gunzTarPerm modified mode [ 'test/mock-base/app/servers/.file-start-with-dot', 436, 420 ]
628 silly gunzTarPerm extractEntry test/mock-base/app/servers/.folder-start-with-dot/.npmignore
629 silly gunzTarPerm modified mode [ 'test/mock-base/app/servers/.folder-start-with-dot/.npmignore',
629 silly gunzTarPerm   436,
629 silly gunzTarPerm   420 ]
630 silly gunzTarPerm extractEntry test/mock-base/app/servers/area/.npmignore
631 silly gunzTarPerm modified mode [ 'test/mock-base/app/servers/area/.npmignore', 436, 420 ]
632 silly gunzTarPerm extractEntry test/mock-base/app/servers/connector/.npmignore
633 silly gunzTarPerm modified mode [ 'test/mock-base/app/servers/connector/.npmignore', 436, 420 ]
634 silly gunzTarPerm extractEntry test/mock-base/app/servers/connector/handler/.npmignore
635 silly gunzTarPerm modified mode [ 'test/mock-base/app/servers/connector/handler/.npmignore',
635 silly gunzTarPerm   436,
635 silly gunzTarPerm   420 ]
636 silly gunzTarPerm extractEntry test/mock-base/app/servers/connector/remote/.npmignore
637 silly gunzTarPerm modified mode [ 'test/mock-base/app/servers/connector/remote/.npmignore',
637 silly gunzTarPerm   436,
637 silly gunzTarPerm   420 ]
638 silly gunzTarPerm extractEntry test/mock-base/app/servers/other-file
639 silly gunzTarPerm modified mode [ 'test/mock-base/app/servers/other-file', 436, 420 ]
640 silly gunzTarPerm extractEntry test/config/log4js.json
641 silly gunzTarPerm modified mode [ 'test/config/log4js.json', 436, 420 ]
642 silly gunzTarPerm extractEntry test/config/master.json
643 silly gunzTarPerm modified mode [ 'test/config/master.json', 436, 420 ]
644 silly gunzTarPerm extractEntry test/config/servers.json
645 silly gunzTarPerm modified mode [ 'test/config/servers.json', 436, 420 ]
646 silly gunzTarPerm extractEntry test/modules/console.js
647 silly gunzTarPerm modified mode [ 'test/modules/console.js', 436, 420 ]
648 silly gunzTarPerm extractEntry test/util/countDownLatch.js
649 silly gunzTarPerm modified mode [ 'test/util/countDownLatch.js', 436, 420 ]
650 silly gunzTarPerm extractEntry test/util/pathUtil.js
651 silly gunzTarPerm modified mode [ 'test/util/pathUtil.js', 436, 420 ]
652 silly gunzTarPerm extractEntry test/util/utils.js
653 silly gunzTarPerm modified mode [ 'test/util/utils.js', 436, 420 ]
654 silly gunzTarPerm extractEntry test/remote/channelRemote.js
655 silly gunzTarPerm modified mode [ 'test/remote/channelRemote.js', 436, 420 ]
656 silly gunzTarPerm extractEntry test/service/channel.js
657 silly gunzTarPerm modified mode [ 'test/service/channel.js', 436, 420 ]
658 silly gunzTarPerm extractEntry test/service/channelService.js
659 silly gunzTarPerm modified mode [ 'test/service/channelService.js', 436, 420 ]
660 silly gunzTarPerm extractEntry test/service/connectionService.js
661 silly gunzTarPerm modified mode [ 'test/service/connectionService.js', 436, 420 ]
662 silly gunzTarPerm extractEntry test/service/filterService.js
663 silly gunzTarPerm modified mode [ 'test/service/filterService.js', 436, 420 ]
664 silly gunzTarPerm extractEntry test/service/handlerService.js
665 silly gunzTarPerm modified mode [ 'test/service/handlerService.js', 436, 420 ]
666 silly gunzTarPerm extractEntry test/service/sessionService.js
667 silly gunzTarPerm modified mode [ 'test/service/sessionService.js', 436, 420 ]
668 silly gunzTarPerm extractEntry test/mock-plugin/components/mockPlugin.js
669 silly gunzTarPerm modified mode [ 'test/mock-plugin/components/mockPlugin.js', 436, 420 ]
670 silly gunzTarPerm extractEntry test/mock-plugin/events/mockEvent.js
671 silly gunzTarPerm modified mode [ 'test/mock-plugin/events/mockEvent.js', 436, 420 ]
672 silly gentlyRm /Users/champion_yuan/Desktop/chatofpomelo-websocket-master/game-server/node_modules/.staging/pomelo-61b69303/node_modules is being purged
673 verbose gentlyRm don't care about contents; nuking /Users/champion_yuan/Desktop/chatofpomelo-websocket-master/game-server/node_modules/.staging/pomelo-61b69303/node_modules
674 silly doParallel preinstall 5
675 silly preinstall heapdump@0.2.9 /Users/champion_yuan/Desktop/chatofpomelo-websocket-master/game-server/node_modules/.staging/heapdump-f5b4ee7b
676 info lifecycle heapdump@0.2.9~preinstall: heapdump@0.2.9
677 silly preinstall pomelo-logger@0.1.2 /Users/champion_yuan/Desktop/chatofpomelo-websocket-master/game-server/node_modules/.staging/pomelo-logger-ca0492ae
678 info lifecycle pomelo-logger@0.1.2~preinstall: pomelo-logger@0.1.2
679 silly preinstall pomelo-scheduler@0.3.8 /Users/champion_yuan/Desktop/chatofpomelo-websocket-master/game-server/node_modules/.staging/pomelo-scheduler-4d2b404c
680 info lifecycle pomelo-scheduler@0.3.8~preinstall: pomelo-scheduler@0.3.8
681 silly preinstall pomelo-admin@0.4.1 /Users/champion_yuan/Desktop/chatofpomelo-websocket-master/game-server/node_modules/.staging/pomelo-admin-22ce6c89
682 info lifecycle pomelo-admin@0.4.1~preinstall: pomelo-admin@0.4.1
683 silly preinstall pomelo@1.0.4 /Users/champion_yuan/Desktop/chatofpomelo-websocket-master/game-server/node_modules/.staging/pomelo-61b69303
684 info lifecycle pomelo@1.0.4~preinstall: pomelo@1.0.4
685 silly lifecycle heapdump@0.2.9~preinstall: no script for preinstall, continuing
686 silly lifecycle pomelo-logger@0.1.2~preinstall: no script for preinstall, continuing
687 silly lifecycle pomelo-scheduler@0.3.8~preinstall: no script for preinstall, continuing
688 silly lifecycle pomelo-admin@0.4.1~preinstall: no script for preinstall, continuing
689 silly lifecycle pomelo@1.0.4~preinstall: no script for preinstall, continuing
690 silly doReverseSerial remove 0
691 silly doSerial move 0
692 silly doSerial finalize 5
693 silly finalize /Users/champion_yuan/Desktop/chatofpomelo-websocket-master/game-server/node_modules/heapdump
694 silly finalize /Users/champion_yuan/Desktop/chatofpomelo-websocket-master/game-server/node_modules/pomelo-admin/node_modules/pomelo-logger
695 silly finalize /Users/champion_yuan/Desktop/chatofpomelo-websocket-master/game-server/node_modules/pomelo-admin/node_modules/pomelo-scheduler
696 silly finalize /Users/champion_yuan/Desktop/chatofpomelo-websocket-master/game-server/node_modules/pomelo-admin
697 silly finalize /Users/champion_yuan/Desktop/chatofpomelo-websocket-master/game-server/node_modules/pomelo
698 silly doSerial build 5
699 silly build heapdump@0.2.9
700 info linkStuff heapdump@0.2.9
701 silly linkStuff heapdump@0.2.9 has /Users/champion_yuan/Desktop/chatofpomelo-websocket-master/game-server/node_modules as its parent node_modules
702 verbose linkBins heapdump@0.2.9
703 verbose linkMans heapdump@0.2.9
704 silly build pomelo-logger@0.1.2
705 info linkStuff pomelo-logger@0.1.2
706 silly linkStuff pomelo-logger@0.1.2 has /Users/champion_yuan/Desktop/chatofpomelo-websocket-master/game-server/node_modules/pomelo-admin/node_modules as its parent node_modules
707 verbose linkBins pomelo-logger@0.1.2
708 verbose linkMans pomelo-logger@0.1.2
709 silly build pomelo-scheduler@0.3.8
710 info linkStuff pomelo-scheduler@0.3.8
711 silly linkStuff pomelo-scheduler@0.3.8 has /Users/champion_yuan/Desktop/chatofpomelo-websocket-master/game-server/node_modules/pomelo-admin/node_modules as its parent node_modules
712 verbose linkBins pomelo-scheduler@0.3.8
713 verbose linkMans pomelo-scheduler@0.3.8
714 silly build pomelo-admin@0.4.1
715 info linkStuff pomelo-admin@0.4.1
716 silly linkStuff pomelo-admin@0.4.1 has /Users/champion_yuan/Desktop/chatofpomelo-websocket-master/game-server/node_modules as its parent node_modules
717 verbose linkBins pomelo-admin@0.4.1
718 verbose linkMans pomelo-admin@0.4.1
719 silly build pomelo@1.0.4
720 info linkStuff pomelo@1.0.4
721 silly linkStuff pomelo@1.0.4 has /Users/champion_yuan/Desktop/chatofpomelo-websocket-master/game-server/node_modules as its parent node_modules
722 verbose linkBins pomelo@1.0.4
723 verbose link bins [ { pomelo: './bin/pomelo' },
723 verbose link bins   '/Users/champion_yuan/Desktop/chatofpomelo-websocket-master/game-server/node_modules/.bin',
723 verbose link bins   false ]
724 verbose linkMans pomelo@1.0.4
725 silly doSerial global-link 0
726 silly doParallel update-linked 0
727 silly doSerial install 5
728 silly install heapdump@0.2.9 /Users/champion_yuan/Desktop/chatofpomelo-websocket-master/game-server/node_modules/.staging/heapdump-f5b4ee7b
729 info lifecycle heapdump@0.2.9~install: heapdump@0.2.9
730 verbose lifecycle heapdump@0.2.9~install: unsafe-perm in lifecycle false
731 verbose lifecycle heapdump@0.2.9~install: PATH: /usr/local/lib/node_modules/npm/bin/node-gyp-bin:/Users/champion_yuan/Desktop/chatofpomelo-websocket-master/game-server/node_modules/heapdump/node_modules/.bin:/Users/champion_yuan/Desktop/chatofpomelo-websocket-master/game-server/node_modules/.bin:/usr/local/bin:/Applications/ImageMagick-6.9.1/bin:/opt/local/bin:/opt/local/sbin:/opt/local/bin:/opt/local/sbin:/usr/local/heroku/bin:/usr/local/bin:/usr/bin:/bin:/usr/sbin:/sbin:/usr/local/git/bin:/Applications/android-sdk-macosx/tools:/Applications/android-sdk-macosx/platform-tools
732 verbose lifecycle heapdump@0.2.9~install: CWD: /Users/champion_yuan/Desktop/chatofpomelo-websocket-master/game-server/node_modules/heapdump
733 silly lifecycle heapdump@0.2.9~install: Args: [ '-c', 'node-gyp rebuild' ]
734 silly lifecycle heapdump@0.2.9~install: Returned: code: 1  signal: null
735 info lifecycle heapdump@0.2.9~install: Failed to exec install script
736 verbose unlock done using /Users/champion_yuan/.npm/_locks/staging-2ecda1bca21da628.lock for /Users/champion_yuan/Desktop/chatofpomelo-websocket-master/game-server/node_modules/.staging
737 silly rollbackFailedOptional Starting
738 silly rollbackFailedOptional Finishing
739 silly runTopLevelLifecycles Starting
740 silly runTopLevelLifecycles Finishing
741 silly install printInstalled
742 warn chatofpomelo-websocket@0.0.1 No description
743 warn chatofpomelo-websocket@0.0.1 No repository field.
744 warn chatofpomelo-websocket@0.0.1 No license field.
745 verbose stack Error: heapdump@0.2.9 install: `node-gyp rebuild`
745 verbose stack Exit status 1
745 verbose stack     at EventEmitter.<anonymous> (/usr/local/lib/node_modules/npm/lib/utils/lifecycle.js:239:16)
745 verbose stack     at emitTwo (events.js:100:13)
745 verbose stack     at EventEmitter.emit (events.js:185:7)
745 verbose stack     at ChildProcess.<anonymous> (/usr/local/lib/node_modules/npm/lib/utils/spawn.js:24:14)
745 verbose stack     at emitTwo (events.js:100:13)
745 verbose stack     at ChildProcess.emit (events.js:185:7)
745 verbose stack     at maybeClose (internal/child_process.js:850:16)
745 verbose stack     at Process.ChildProcess._handle.onexit (internal/child_process.js:215:5)
746 verbose pkgid heapdump@0.2.9
747 verbose cwd /Users/champion_yuan/Desktop/chatofpomelo-websocket-master/game-server
748 error Darwin 15.3.0
749 error argv "/usr/local/bin/node" "/usr/local/bin/npm" "install" "-d"
750 error node v5.9.0
751 error npm  v3.7.3
752 error code ELIFECYCLE
753 error heapdump@0.2.9 install: `node-gyp rebuild`
753 error Exit status 1
754 error Failed at the heapdump@0.2.9 install script 'node-gyp rebuild'.
754 error Make sure you have the latest version of node.js and npm installed.
754 error If you do, this is most likely a problem with the heapdump package,
754 error not with npm itself.
754 error Tell the author that this fails on your system:
754 error     node-gyp rebuild
754 error You can get information on how to open an issue for this project with:
754 error     npm bugs heapdump
754 error Or if that isn't available, you can get their info via:
754 error     npm owner ls heapdump
754 error There is likely additional logging output above.
755 verbose exit [ 1, true ]
